0 info it worked if it ends with ok
1 verbose cli [ 'C:\\Program Files\\nodejs\\node.exe',
1 verbose cli   'C:\\Program Files\\nodejs\\node_modules\\npm\\bin\\npm-cli.js',
1 verbose cli   'install',
1 verbose cli   '--save-dev',
1 verbose cli   'gulp-minify-css' ]
2 info using npm@3.10.10
3 info using node@v6.10.0
4 silly loadCurrentTree Starting
5 silly install loadCurrentTree
6 silly install readLocalPackageData
7 silly fetchPackageMetaData gulp-minify-css@*
8 silly fetchNamedPackageData gulp-minify-css
9 silly mapToRegistry name gulp-minify-css
10 silly mapToRegistry using default registry
11 silly mapToRegistry registry https://registry.npmjs.org/
12 silly mapToRegistry data Result {
12 silly mapToRegistry   raw: 'gulp-minify-css',
12 silly mapToRegistry   scope: null,
12 silly mapToRegistry   escapedName: 'gulp-minify-css',
12 silly mapToRegistry   name: 'gulp-minify-css',
12 silly mapToRegistry   rawSpec: '',
12 silly mapToRegistry   spec: 'latest',
12 silly mapToRegistry   type: 'tag' }
13 silly mapToRegistry uri https://registry.npmjs.org/gulp-minify-css
14 verbose request uri https://registry.npmjs.org/gulp-minify-css
15 verbose request no auth needed
16 info attempt registry request try #1 at 11:00:34
17 verbose request id 5134b189ee7f2f2a
18 verbose etag W/"58d09c5e-10171"
19 verbose lastModified Tue, 21 Mar 2017 03:22:06 GMT
20 http request GET https://registry.npmjs.org/gulp-minify-css
21 info retry will retry, error on last attempt: Error: unable to verify the first certificate
22 info attempt registry request try #2 at 11:00:45
23 verbose etag W/"58d09c5e-10171"
24 verbose lastModified Tue, 21 Mar 2017 03:22:06 GMT
25 http request GET https://registry.npmjs.org/gulp-minify-css
26 info retry will retry, error on last attempt: Error: unable to verify the first certificate
27 info attempt registry request try #3 at 11:01:46
28 verbose etag W/"58d09c5e-10171"
29 verbose lastModified Tue, 21 Mar 2017 03:22:06 GMT
30 http request GET https://registry.npmjs.org/gulp-minify-css
31 silly get cb [ 304, undefined ]
32 verbose etag https://registry.npmjs.org/gulp-minify-css from cache
33 verbose get saving gulp-minify-css to C:\Users\wxy\AppData\Roaming\npm-cache\registry.npmjs.org\gulp-minify-css\.cache.json
34 verbose correctMkdir C:\Users\wxy\AppData\Roaming\npm-cache correctMkdir not in flight; initializing
35 silly install normalizeTree
36 silly loadCurrentTree Finishing
37 silly loadIdealTree Starting
38 silly install loadIdealTree
39 silly cloneCurrentTree Starting
40 silly install cloneCurrentTreeToIdealTree
41 silly cloneCurrentTree Finishing
42 silly loadShrinkwrap Starting
43 silly install loadShrinkwrap
44 silly loadShrinkwrap Finishing
45 silly loadAllDepsIntoIdealTree Starting
46 silly install loadAllDepsIntoIdealTree
47 silly resolveWithNewModule gulp-minify-css@1.2.4 checking installable status
48 silly cache add args [ 'gulp-minify-css@*', null ]
49 verbose cache add spec gulp-minify-css@*
50 silly cache add parsed spec Result {
50 silly cache add   raw: 'gulp-minify-css@*',
50 silly cache add   scope: null,
50 silly cache add   escapedName: 'gulp-minify-css',
50 silly cache add   name: 'gulp-minify-css',
50 silly cache add   rawSpec: '*',
50 silly cache add   spec: '*',
50 silly cache add   type: 'range' }
51 silly addNamed gulp-minify-css@*
52 verbose addNamed "*" is a valid semver range for gulp-minify-css
53 silly addNameRange { name: 'gulp-minify-css', range: '*', hasData: false }
54 silly mapToRegistry name gulp-minify-css
55 silly mapToRegistry using default registry
56 silly mapToRegistry registry https://registry.npmjs.org/
57 silly mapToRegistry data Result {
57 silly mapToRegistry   raw: 'gulp-minify-css',
57 silly mapToRegistry   scope: null,
57 silly mapToRegistry   escapedName: 'gulp-minify-css',
57 silly mapToRegistry   name: 'gulp-minify-css',
57 silly mapToRegistry   rawSpec: '',
57 silly mapToRegistry   spec: 'latest',
57 silly mapToRegistry   type: 'tag' }
58 silly mapToRegistry uri https://registry.npmjs.org/gulp-minify-css
59 verbose addNameRange registry:https://registry.npmjs.org/gulp-minify-css not in flight; fetching
60 verbose get https://registry.npmjs.org/gulp-minify-css not expired, no request
61 silly addNameRange number 2 { name: 'gulp-minify-css', range: '*', hasData: true }
62 silly addNameRange versions [ 'gulp-minify-css',
62 silly addNameRange   [ '0.0.1',
62 silly addNameRange     '0.1.0',
62 silly addNameRange     '0.2.0',
62 silly addNameRange     '0.3.0',
62 silly addNameRange     '0.3.1',
62 silly addNameRange     '0.3.2',
62 silly addNameRange     '0.3.3',
62 silly addNameRange     '0.3.4',
62 silly addNameRange     '0.3.5',
62 silly addNameRange     '0.3.6',
62 silly addNameRange     '0.3.7',
62 silly addNameRange     '0.3.8',
62 silly addNameRange     '0.3.9',
62 silly addNameRange     '0.3.10',
62 silly addNameRange     '0.3.11',
62 silly addNameRange     '0.3.12',
62 silly addNameRange     '0.3.13',
62 silly addNameRange     '0.4.0',
62 silly addNameRange     '0.4.1',
62 silly addNameRange     '0.4.2',
62 silly addNameRange     '0.4.3',
62 silly addNameRange     '0.4.4',
62 silly addNameRange     '0.4.5',
62 silly addNameRange     '0.4.6',
62 silly addNameRange     '0.5.0',
62 silly addNameRange     '0.5.1',
62 silly addNameRange     '1.0.0',
62 silly addNameRange     '1.1.0',
62 silly addNameRange     '1.1.1',
62 silly addNameRange     '1.1.2',
62 silly addNameRange     '1.1.2-1',
62 silly addNameRange     '1.1.3',
62 silly addNameRange     '1.1.4',
62 silly addNameRange     '1.1.5',
62 silly addNameRange     '1.1.6',
62 silly addNameRange     '1.2.0',
62 silly addNameRange     '1.2.1',
62 silly addNameRange     '1.2.2',
62 silly addNameRange     '1.2.3',
62 silly addNameRange     '1.2.4' ] ]
63 silly addNamed gulp-minify-css@1.2.4
64 verbose addNamed "1.2.4" is a plain semver version for gulp-minify-css
65 warn deprecated gulp-minify-css@1.2.4: Please use gulp-clean-css
66 silly cache afterAdd gulp-minify-css@1.2.4
67 verbose afterAdd C:\Users\wxy\AppData\Roaming\npm-cache\gulp-minify-css\1.2.4\package\package.json not in flight; writing
68 verbose correctMkdir C:\Users\wxy\AppData\Roaming\npm-cache correctMkdir not in flight; initializing
69 verbose afterAdd C:\Users\wxy\AppData\Roaming\npm-cache\gulp-minify-css\1.2.4\package\package.json written
70 silly fetchNamedPackageData clean-css
71 silly mapToRegistry name clean-css
72 silly mapToRegistry using default registry
73 silly mapToRegistry registry https://registry.npmjs.org/
74 silly mapToRegistry data Result {
74 silly mapToRegistry   raw: 'clean-css',
74 silly mapToRegistry   scope: null,
74 silly mapToRegistry   escapedName: 'clean-css',
74 silly mapToRegistry   name: 'clean-css',
74 silly mapToRegistry   rawSpec: '',
74 silly mapToRegistry   spec: 'latest',
74 silly mapToRegistry   type: 'tag' }
75 silly mapToRegistry uri https://registry.npmjs.org/clean-css
76 silly fetchNamedPackageData object-assign
77 silly mapToRegistry name object-assign
78 silly mapToRegistry using default registry
79 silly mapToRegistry registry https://registry.npmjs.org/
80 silly mapToRegistry data Result {
80 silly mapToRegistry   raw: 'object-assign',
80 silly mapToRegistry   scope: null,
80 silly mapToRegistry   escapedName: 'object-assign',
80 silly mapToRegistry   name: 'object-assign',
80 silly mapToRegistry   rawSpec: '',
80 silly mapToRegistry   spec: 'latest',
80 silly mapToRegistry   type: 'tag' }
81 silly mapToRegistry uri https://registry.npmjs.org/object-assign
82 silly fetchNamedPackageData readable-stream
83 silly mapToRegistry name readable-stream
84 silly mapToRegistry using default registry
85 silly mapToRegistry registry https://registry.npmjs.org/
86 silly mapToRegistry data Result {
86 silly mapToRegistry   raw: 'readable-stream',
86 silly mapToRegistry   scope: null,
86 silly mapToRegistry   escapedName: 'readable-stream',
86 silly mapToRegistry   name: 'readable-stream',
86 silly mapToRegistry   rawSpec: '',
86 silly mapToRegistry   spec: 'latest',
86 silly mapToRegistry   type: 'tag' }
87 silly mapToRegistry uri https://registry.npmjs.org/readable-stream
88 verbose request uri https://registry.npmjs.org/clean-css
89 verbose request no auth needed
90 info attempt registry request try #1 at 11:01:47
91 http request GET https://registry.npmjs.org/clean-css
92 verbose request uri https://registry.npmjs.org/readable-stream
93 verbose request no auth needed
94 info attempt registry request try #1 at 11:01:47
95 verbose etag W/"58ca4693-146fb"
96 verbose lastModified Thu, 16 Mar 2017 08:02:27 GMT
97 http request GET https://registry.npmjs.org/readable-stream
98 verbose request uri https://registry.npmjs.org/object-assign
99 verbose request no auth needed
100 info attempt registry request try #1 at 11:01:47
101 verbose etag W/"58bcfc82-5d14"
102 verbose lastModified Mon, 06 Mar 2017 06:06:58 GMT
103 http request GET https://registry.npmjs.org/object-assign
104 info retry will retry, error on last attempt: Error: unable to verify the first certificate
105 info retry will retry, error on last attempt: Error: unable to verify the first certificate
106 info attempt registry request try #2 at 11:01:58
107 verbose etag W/"58ca4693-146fb"
108 verbose lastModified Thu, 16 Mar 2017 08:02:27 GMT
109 http request GET https://registry.npmjs.org/readable-stream
110 info retry will retry, error on last attempt: Error: unable to verify the first certificate
111 info attempt registry request try #2 at 11:02:02
112 verbose etag W/"58bcfc82-5d14"
113 verbose lastModified Mon, 06 Mar 2017 06:06:58 GMT
114 http request GET https://registry.npmjs.org/object-assign
115 info retry will retry, error on last attempt: Error: unable to verify the first certificate
116 info retry will retry, error on last attempt: Error: unable to verify the first certificate
117 info attempt registry request try #2 at 11:02:19
118 http request GET https://registry.npmjs.org/clean-css
119 info retry will retry, error on last attempt: Error: unable to verify the first certificate
120 info attempt registry request try #3 at 11:02:59
121 verbose etag W/"58ca4693-146fb"
122 verbose lastModified Thu, 16 Mar 2017 08:02:27 GMT
123 http request GET https://registry.npmjs.org/readable-stream
124 info attempt registry request try #3 at 11:03:07
125 verbose etag W/"58bcfc82-5d14"
126 verbose lastModified Mon, 06 Mar 2017 06:06:58 GMT
127 http request GET https://registry.npmjs.org/object-assign
128 silly get cb [ 304, undefined ]
129 verbose etag https://registry.npmjs.org/object-assign from cache
130 verbose get saving object-assign to C:\Users\wxy\AppData\Roaming\npm-cache\registry.npmjs.org\object-assign\.cache.json
131 verbose correctMkdir C:\Users\wxy\AppData\Roaming\npm-cache correctMkdir not in flight; initializing
132 silly resolveWithNewModule object-assign@4.1.1 checking installable status
133 silly cache add args [ 'object-assign@^4.0.1', null ]
134 verbose cache add spec object-assign@^4.0.1
135 silly cache add parsed spec Result {
135 silly cache add   raw: 'object-assign@^4.0.1',
135 silly cache add   scope: null,
135 silly cache add   escapedName: 'object-assign',
135 silly cache add   name: 'object-assign',
135 silly cache add   rawSpec: '^4.0.1',
135 silly cache add   spec: '>=4.0.1 <5.0.0',
135 silly cache add   type: 'range' }
136 silly addNamed object-assign@>=4.0.1 <5.0.0
137 verbose addNamed ">=4.0.1 <5.0.0" is a valid semver range for object-assign
138 silly addNameRange { name: 'object-assign',
138 silly addNameRange   range: '>=4.0.1 <5.0.0',
138 silly addNameRange   hasData: false }
139 silly mapToRegistry name object-assign
140 silly mapToRegistry using default registry
141 silly mapToRegistry registry https://registry.npmjs.org/
142 silly mapToRegistry data Result {
142 silly mapToRegistry   raw: 'object-assign',
142 silly mapToRegistry   scope: null,
142 silly mapToRegistry   escapedName: 'object-assign',
142 silly mapToRegistry   name: 'object-assign',
142 silly mapToRegistry   rawSpec: '',
142 silly mapToRegistry   spec: 'latest',
142 silly mapToRegistry   type: 'tag' }
143 silly mapToRegistry uri https://registry.npmjs.org/object-assign
144 verbose addNameRange registry:https://registry.npmjs.org/object-assign not in flight; fetching
145 verbose get https://registry.npmjs.org/object-assign not expired, no request
146 silly addNameRange number 2 { name: 'object-assign', range: '>=4.0.1 <5.0.0', hasData: true }
147 silly addNameRange versions [ 'object-assign',
147 silly addNameRange   [ '0.1.0',
147 silly addNameRange     '0.1.1',
147 silly addNameRange     '0.1.2',
147 silly addNameRange     '0.2.0',
147 silly addNameRange     '0.2.1',
147 silly addNameRange     '0.2.2',
147 silly addNameRange     '0.3.0',
147 silly addNameRange     '0.3.1',
147 silly addNameRange     '0.4.0',
147 silly addNameRange     '1.0.0',
147 silly addNameRange     '2.0.0',
147 silly addNameRange     '3.0.0',
147 silly addNameRange     '2.1.1',
147 silly addNameRange     '4.0.0',
147 silly addNameRange     '4.0.1',
147 silly addNameRange     '4.1.0',
147 silly addNameRange     '4.1.1' ] ]
148 silly addNamed object-assign@4.1.1
149 verbose addNamed "4.1.1" is a plain semver version for object-assign
150 silly cache afterAdd object-assign@4.1.1
151 verbose afterAdd C:\Users\wxy\AppData\Roaming\npm-cache\object-assign\4.1.1\package\package.json not in flight; writing
152 verbose correctMkdir C:\Users\wxy\AppData\Roaming\npm-cache correctMkdir not in flight; initializing
153 verbose afterAdd C:\Users\wxy\AppData\Roaming\npm-cache\object-assign\4.1.1\package\package.json written
154 silly get cb [ 304, undefined ]
155 verbose etag https://registry.npmjs.org/readable-stream from cache
156 verbose get saving readable-stream to C:\Users\wxy\AppData\Roaming\npm-cache\registry.npmjs.org\readable-stream\.cache.json
157 verbose correctMkdir C:\Users\wxy\AppData\Roaming\npm-cache correctMkdir not in flight; initializing
158 silly resolveWithNewModule readable-stream@2.2.6 checking installable status
159 silly cache add args [ 'readable-stream@^2.0.0', null ]
160 verbose cache add spec readable-stream@^2.0.0
161 silly cache add parsed spec Result {
161 silly cache add   raw: 'readable-stream@^2.0.0',
161 silly cache add   scope: null,
161 silly cache add   escapedName: 'readable-stream',
161 silly cache add   name: 'readable-stream',
161 silly cache add   rawSpec: '^2.0.0',
161 silly cache add   spec: '>=2.0.0 <3.0.0',
161 silly cache add   type: 'range' }
162 silly addNamed readable-stream@>=2.0.0 <3.0.0
163 verbose addNamed ">=2.0.0 <3.0.0" is a valid semver range for readable-stream
164 silly addNameRange { name: 'readable-stream',
164 silly addNameRange   range: '>=2.0.0 <3.0.0',
164 silly addNameRange   hasData: false }
165 silly mapToRegistry name readable-stream
166 silly mapToRegistry using default registry
167 silly mapToRegistry registry https://registry.npmjs.org/
168 silly mapToRegistry data Result {
168 silly mapToRegistry   raw: 'readable-stream',
168 silly mapToRegistry   scope: null,
168 silly mapToRegistry   escapedName: 'readable-stream',
168 silly mapToRegistry   name: 'readable-stream',
168 silly mapToRegistry   rawSpec: '',
168 silly mapToRegistry   spec: 'latest',
168 silly mapToRegistry   type: 'tag' }
169 silly mapToRegistry uri https://registry.npmjs.org/readable-stream
170 verbose addNameRange registry:https://registry.npmjs.org/readable-stream not in flight; fetching
171 verbose get https://registry.npmjs.org/readable-stream not expired, no request
172 silly addNameRange number 2 { name: 'readable-stream',
172 silly addNameRange   range: '>=2.0.0 <3.0.0',
172 silly addNameRange   hasData: true }
173 silly addNameRange versions [ 'readable-stream',
173 silly addNameRange   [ '0.0.1',
173 silly addNameRange     '0.0.2',
173 silly addNameRange     '0.0.3',
173 silly addNameRange     '0.0.4',
173 silly addNameRange     '0.1.0',
173 silly addNameRange     '0.2.0',
173 silly addNameRange     '0.3.0',
173 silly addNameRange     '0.3.1',
173 silly addNameRange     '1.0.0',
173 silly addNameRange     '1.0.1',
173 silly addNameRange     '1.0.2',
173 silly addNameRange     '1.0.15',
173 silly addNameRange     '1.0.17',
173 silly addNameRange     '1.1.7',
173 silly addNameRange     '1.1.8',
173 silly addNameRange     '1.1.9',
173 silly addNameRange     '1.0.24',
173 silly addNameRange     '1.0.25',
173 silly addNameRange     '1.1.10',
173 silly addNameRange     '1.0.25-1',
173 silly addNameRange     '1.1.11',
173 silly addNameRange     '1.0.26',
173 silly addNameRange     '1.0.26-1',
173 silly addNameRange     '1.1.11-1',
173 silly addNameRange     '1.0.26-2',
173 silly addNameRange     '1.1.12',
173 silly addNameRange     '1.0.26-3',
173 silly addNameRange     '1.0.26-4',
173 silly addNameRange     '1.1.12-1',
173 silly addNameRange     '1.0.27-1',
173 silly addNameRange     '1.1.13-1',
173 silly addNameRange     '1.0.31',
173 silly addNameRange     '1.1.13',
173 silly addNameRange     '1.0.32',
173 silly addNameRange     '1.0.32-1',
173 silly addNameRange     '1.0.33-1',
173 silly addNameRange     '1.0.33-2',
173 silly addNameRange     '1.0.33',
173 silly addNameRange     '2.0.0',
173 silly addNameRange     '2.0.1',
173 silly addNameRange     '2.0.2',
173 silly addNameRange     '2.0.3',
173 silly addNameRange     '2.0.4',
173 silly addNameRange     '2.0.5',
173 silly addNameRange     '2.0.6',
173 silly addNameRange     '1.0.34',
173 silly addNameRange     '1.1.14',
173 silly addNameRange     '2.1.0',
173 silly addNameRange     '2.1.1',
173 silly addNameRange     '2.1.2',
173 silly addNameRange     '2.1.3',
173 silly addNameRange     '2.1.4',
173 silly addNameRange     '2.1.5',
173 silly addNameRange     '2.2.0',
173 silly addNameRange     '2.2.1',
173 silly addNameRange     '2.2.2',
173 silly addNameRange     '2.2.3',
173 silly addNameRange     '2.2.4',
173 silly addNameRange     '2.2.5',
173 silly addNameRange     '2.2.6' ] ]
174 silly addNamed readable-stream@2.2.6
175 verbose addNamed "2.2.6" is a plain semver version for readable-stream
176 silly cache afterAdd readable-stream@2.2.6
177 verbose afterAdd C:\Users\wxy\AppData\Roaming\npm-cache\readable-stream\2.2.6\package\package.json not in flight; writing
178 verbose correctMkdir C:\Users\wxy\AppData\Roaming\npm-cache correctMkdir not in flight; initializing
179 verbose afterAdd C:\Users\wxy\AppData\Roaming\npm-cache\readable-stream\2.2.6\package\package.json written
180 info attempt registry request try #3 at 11:03:29
181 http request GET https://registry.npmjs.org/clean-css
182 silly fetchPackageMetaData Error: unable to verify the first certificate
182 silly fetchPackageMetaData     at Error (native)
182 silly fetchPackageMetaData     at TLSSocket.<anonymous> (_tls_wrap.js:1085:38)
182 silly fetchPackageMetaData     at emitNone (events.js:86:13)
182 silly fetchPackageMetaData     at TLSSocket.emit (events.js:185:7)
182 silly fetchPackageMetaData     at TLSSocket._finishInit (_tls_wrap.js:603:8)
182 silly fetchPackageMetaData     at TLSWrap.ssl.onhandshakedone (_tls_wrap.js:433:38)
182 silly fetchPackageMetaData  error for clean-css@^3.3.3 { Error: unable to verify the first certificate
182 silly fetchPackageMetaData     at Error (native)
182 silly fetchPackageMetaData     at TLSSocket.<anonymous> (_tls_wrap.js:1085:38)
182 silly fetchPackageMetaData     at emitNone (events.js:86:13)
182 silly fetchPackageMetaData     at TLSSocket.emit (events.js:185:7)
182 silly fetchPackageMetaData     at TLSSocket._finishInit (_tls_wrap.js:603:8)
182 silly fetchPackageMetaData     at TLSWrap.ssl.onhandshakedone (_tls_wrap.js:433:38) code: 'UNABLE_TO_VERIFY_LEAF_SIGNATURE' }
183 silly rollbackFailedOptional Starting
184 silly rollbackFailedOptional Finishing
185 silly runTopLevelLifecycles Finishing
186 silly install printInstalled
187 verbose stack Error: unable to verify the first certificate
187 verbose stack     at Error (native)
187 verbose stack     at TLSSocket.<anonymous> (_tls_wrap.js:1085:38)
187 verbose stack     at emitNone (events.js:86:13)
187 verbose stack     at TLSSocket.emit (events.js:185:7)
187 verbose stack     at TLSSocket._finishInit (_tls_wrap.js:603:8)
187 verbose stack     at TLSWrap.ssl.onhandshakedone (_tls_wrap.js:433:38)
188 verbose cwd C:\Users\wxy\Desktop\gulp
189 error Windows_NT 6.1.7601
190 error argv "C:\\Program Files\\nodejs\\node.exe" "C:\\Program Files\\nodejs\\node_modules\\npm\\bin\\npm-cli.js" "install" "--save-dev" "gulp-minify-css"
191 error node v6.10.0
192 error npm  v3.10.10
193 error code UNABLE_TO_VERIFY_LEAF_SIGNATURE
194 error unable to verify the first certificate
195 error If you need help, you may report this error at:
195 error     <https://github.com/npm/npm/issues>
196 verbose exit [ 1, true ]
